<?xml version="1.0" encoding="UTF-8"?>
<testng-results skipped="0" failed="0" ignored="0" total="1" passed="1">
  <reporter-output>
  </reporter-output>
  <suite name="Default suite" duration-ms="986" started-at="2018-04-08T19:52:46Z" finished-at="2018-04-08T19:52:47Z">
    <groups>
    </groups>
    <test name="Default test" duration-ms="986" started-at="2018-04-08T19:52:46Z" finished-at="2018-04-08T19:52:47Z">
      <class name="testPackagetest.NewTest">
        <test-method status="PASS" signature="callreadExcel()[pri:0, instance:testPackagetest.NewTest@d8355a8]" name="callreadExcel" duration-ms="931" started-at="2018-04-08T19:52:47Z" finished-at="2018-04-08T19:52:47Z">
          <reporter-output>
          </reporter-output>
        </test-method> <!-- callreadExcel -->
      </class> <!-- testPackagetest.NewTest -->
    </test> <!-- Default test -->
  </suite> <!-- Default suite -->
</testng-results>
